<?xml version="1.0" encoding="UTF-8"?>
<testng-results skipped="0" failed="4" total="60" passed="56">
  <reporter-output>
  </reporter-output>
  <suite name="Parallel (0)" duration-ms="8134" started-at="2018-04-11T08:23:17Z" finished-at="2018-04-11T08:23:25Z">
    <groups>
    </groups>
    <test name="SubDoubleTest" duration-ms="3016" started-at="2018-04-11T08:23:17Z" finished-at="2018-04-11T08:23:20Z">
      <class name="com.epam.tat.module4.test.SubDoubleTest">
        <test-method status="PASS" signature="setUp()[pri:0, instance:com.epam.tat.module4.test.SubDoubleTest@1888ff2c]" name="setUp" is-config="true" duration-ms="0" started-at="2018-04-11T11:23:17Z" finished-at="2018-04-11T11:23:17Z">
          <reporter-output>
          </reporter-output>
        </test-method> <!-- setUp -->
        <test-method status="PASS" signature="subTest(double, double, double)[pri:0, instance:com.epam.tat.module4.test.SubDoubleTest@1888ff2c]" name="subTest" duration-ms="1015" started-at="2018-04-11T11:23:17Z" data-provider="subDp" finished-at="2018-04-11T11:23:18Z">
          <params>
            <param index="0">
              <value>
                <![CDATA[35]]>
              </value>
            </param>
            <param index="1">
              <value>
                <![CDATA[0.2]]>
              </value>
            </param>
            <param index="2">
              <value>
                <![CDATA[34.8]]>
              </value>
            </param>
          </params>
          <reporter-output>
          </reporter-output>
        </test-method> <!-- subTest -->
        <test-method status="PASS" signature="subTest(double, double, double)[pri:0, instance:com.epam.tat.module4.test.SubDoubleTest@1888ff2c]" name="subTest" duration-ms="1001" started-at="2018-04-11T11:23:18Z" data-provider="subDp" finished-at="2018-04-11T11:23:19Z">
          <params>
            <param index="0">
              <value>
                <![CDATA[0]]>
              </value>
            </param>
            <param index="1">
              <value>
                <![CDATA[0]]>
              </value>
            </param>
            <param index="2">
              <value>
                <![CDATA[0]]>
              </value>
            </param>
          </params>
          <reporter-output>
          </reporter-output>
        </test-method> <!-- subTest -->
        <test-method status="PASS" signature="subTest(double, double, double)[pri:0, instance:com.epam.tat.module4.test.SubDoubleTest@1888ff2c]" name="subTest" duration-ms="1000" started-at="2018-04-11T11:23:19Z" data-provider="subDp" finished-at="2018-04-11T11:23:20Z">
          <params>
            <param index="0">
              <value>
                <![CDATA[-0.3]]>
              </value>
            </param>
            <param index="1">
              <value>
                <![CDATA[2.4]]>
              </value>
            </param>
            <param index="2">
              <value>
                <![CDATA[-2.7]]>
              </value>
            </param>
          </params>
          <reporter-output>
          </reporter-output>
        </test-method> <!-- subTest -->
        <test-method status="PASS" signature="tearDown()[pri:0, instance:com.epam.tat.module4.test.SubDoubleTest@1888ff2c]" name="tearDown" is-config="true" duration-ms="0" started-at="2018-04-11T11:23:20Z" finished-at="2018-04-11T11:23:20Z">
          <reporter-output>
          </reporter-output>
        </test-method> <!-- tearDown -->
      </class> <!-- com.epam.tat.module4.test.SubDoubleTest -->
    </test> <!-- SubDoubleTest -->
    <test name="SumTest" duration-ms="3016" started-at="2018-04-11T08:23:17Z" finished-at="2018-04-11T08:23:20Z">
      <class name="com.epam.tat.module4.test.SumTest">
        <test-method status="PASS" signature="setUp()[pri:0, instance:com.epam.tat.module4.test.SumTest@7006c658]" name="setUp" is-config="true" duration-ms="0" started-at="2018-04-11T11:23:17Z" finished-at="2018-04-11T11:23:17Z">
          <reporter-output>
          </reporter-output>
        </test-method> <!-- setUp -->
        <test-method status="PASS" signature="sumTest(long, long, long)[pri:0, instance:com.epam.tat.module4.test.SumTest@7006c658]" name="sumTest" duration-ms="1015" started-at="2018-04-11T11:23:17Z" data-provider="sumDp" finished-at="2018-04-11T11:23:18Z">
          <params>
            <param index="0">
              <value>
                <![CDATA[1]]>
              </value>
            </param>
            <param index="1">
              <value>
                <![CDATA[1]]>
              </value>
            </param>
            <param index="2">
              <value>
                <![CDATA[2]]>
              </value>
            </param>
          </params>
          <reporter-output>
          </reporter-output>
        </test-method> <!-- sumTest -->
        <test-method status="PASS" signature="sumTest(long, long, long)[pri:0, instance:com.epam.tat.module4.test.SumTest@7006c658]" name="sumTest" duration-ms="1001" started-at="2018-04-11T11:23:18Z" data-provider="sumDp" finished-at="2018-04-11T11:23:19Z">
          <params>
            <param index="0">
              <value>
                <![CDATA[0]]>
              </value>
            </param>
            <param index="1">
              <value>
                <![CDATA[1]]>
              </value>
            </param>
            <param index="2">
              <value>
                <![CDATA[1]]>
              </value>
            </param>
          </params>
          <reporter-output>
          </reporter-output>
        </test-method> <!-- sumTest -->
        <test-method status="PASS" signature="sumTest(long, long, long)[pri:0, instance:com.epam.tat.module4.test.SumTest@7006c658]" name="sumTest" duration-ms="1000" started-at="2018-04-11T11:23:19Z" data-provider="sumDp" finished-at="2018-04-11T11:23:20Z">
          <params>
            <param index="0">
              <value>
                <![CDATA[-1]]>
              </value>
            </param>
            <param index="1">
              <value>
                <![CDATA[1]]>
              </value>
            </param>
            <param index="2">
              <value>
                <![CDATA[0]]>
              </value>
            </param>
          </params>
          <reporter-output>
          </reporter-output>
        </test-method> <!-- sumTest -->
        <test-method status="PASS" signature="tearDown()[pri:0, instance:com.epam.tat.module4.test.SumTest@7006c658]" name="tearDown" is-config="true" duration-ms="0" started-at="2018-04-11T11:23:20Z" finished-at="2018-04-11T11:23:20Z">
          <reporter-output>
          </reporter-output>
        </test-method> <!-- tearDown -->
      </class> <!-- com.epam.tat.module4.test.SumTest -->
    </test> <!-- SumTest -->
    <test name="SumDoubleTest" duration-ms="3016" started-at="2018-04-11T08:23:17Z" finished-at="2018-04-11T08:23:20Z">
      <class name="com.epam.tat.module4.test.SumDoubleTest">
        <test-method status="PASS" signature="setUp()[pri:0, instance:com.epam.tat.module4.test.SumDoubleTest@1ae369b7]" name="setUp" is-config="true" duration-ms="0" started-at="2018-04-11T11:23:17Z" finished-at="2018-04-11T11:23:17Z">
          <reporter-output>
          </reporter-output>
        </test-method> <!-- setUp -->
        <test-method status="PASS" signature="sumDoubleTest(double, double, double)[pri:0, instance:com.epam.tat.module4.test.SumDoubleTest@1ae369b7]" name="sumDoubleTest" duration-ms="1015" started-at="2018-04-11T11:23:17Z" data-provider="sumDoubleDp" finished-at="2018-04-11T11:23:18Z">
          <params>
            <param index="0">
              <value>
                <![CDATA[0.5]]>
              </value>
            </param>
            <param index="1">
              <value>
                <![CDATA[0.75]]>
              </value>
            </param>
            <param index="2">
              <value>
                <![CDATA[1.25]]>
              </value>
            </param>
          </params>
          <reporter-output>
          </reporter-output>
        </test-method> <!-- sumDoubleTest -->
        <test-method status="PASS" signature="sumDoubleTest(double, double, double)[pri:0, instance:com.epam.tat.module4.test.SumDoubleTest@1ae369b7]" name="sumDoubleTest" duration-ms="1001" started-at="2018-04-11T11:23:18Z" data-provider="sumDoubleDp" finished-at="2018-04-11T11:23:19Z">
          <params>
            <param index="0">
              <value>
                <![CDATA[1]]>
              </value>
            </param>
            <param index="1">
              <value>
                <![CDATA[3]]>
              </value>
            </param>
            <param index="2">
              <value>
                <![CDATA[4]]>
              </value>
            </param>
          </params>
          <reporter-output>
          </reporter-output>
        </test-method> <!-- sumDoubleTest -->
        <test-method status="PASS" signature="sumDoubleTest(double, double, double)[pri:0, instance:com.epam.tat.module4.test.SumDoubleTest@1ae369b7]" name="sumDoubleTest" duration-ms="1000" started-at="2018-04-11T11:23:19Z" data-provider="sumDoubleDp" finished-at="2018-04-11T11:23:20Z">
          <params>
            <param index="0">
              <value>
                <![CDATA[-6.3]]>
              </value>
            </param>
            <param index="1">
              <value>
                <![CDATA[0]]>
              </value>
            </param>
            <param index="2">
              <value>
                <![CDATA[-6.3]]>
              </value>
            </param>
          </params>
          <reporter-output>
          </reporter-output>
        </test-method> <!-- sumDoubleTest -->
        <test-method status="PASS" signature="tearDown()[pri:0, instance:com.epam.tat.module4.test.SumDoubleTest@1ae369b7]" name="tearDown" is-config="true" duration-ms="0" started-at="2018-04-11T11:23:20Z" finished-at="2018-04-11T11:23:20Z">
          <reporter-output>
          </reporter-output>
        </test-method> <!-- tearDown -->
      </class> <!-- com.epam.tat.module4.test.SumDoubleTest -->
    </test> <!-- SumDoubleTest -->
    <test name="MultTest" duration-ms="1000" started-at="2018-04-11T08:23:20Z" finished-at="2018-04-11T08:23:21Z">
      <class name="com.epam.tat.module4.test.MultTest">
        <test-method status="PASS" signature="simpleMultTest()[pri:0, instance:com.epam.tat.module4.test.MultTest@256216b3]" name="simpleMultTest" duration-ms="1000" started-at="2018-04-11T11:23:20Z" finished-at="2018-04-11T11:23:21Z">
          <reporter-output>
          </reporter-output>
        </test-method> <!-- simpleMultTest -->
        <test-method status="PASS" signature="setUp()[pri:0, instance:com.epam.tat.module4.test.MultTest@256216b3]" name="setUp" is-config="true" duration-ms="0" started-at="2018-04-11T11:23:20Z" finished-at="2018-04-11T11:23:20Z">
          <reporter-output>
          </reporter-output>
        </test-method> <!-- setUp -->
        <test-method status="PASS" signature="tearDown()[pri:0, instance:com.epam.tat.module4.test.MultTest@256216b3]" name="tearDown" is-config="true" duration-ms="0" started-at="2018-04-11T11:23:21Z" finished-at="2018-04-11T11:23:21Z">
          <reporter-output>
          </reporter-output>
        </test-method> <!-- tearDown -->
      </class> <!-- com.epam.tat.module4.test.MultTest -->
    </test> <!-- MultTest -->
    <test name="MultDoubleTest" duration-ms="2000" started-at="2018-04-11T08:23:20Z" finished-at="2018-04-11T08:23:22Z">
      <class name="com.epam.tat.module4.test.MultDoubleTest">
        <test-method status="PASS" signature="sumDoubleTest(double, double, double)[pri:0, instance:com.epam.tat.module4.test.MultDoubleTest@1b40d5f0]" name="sumDoubleTest" duration-ms="1000" started-at="2018-04-11T11:23:20Z" data-provider="multDoubleDp" finished-at="2018-04-11T11:23:21Z">
          <params>
            <param index="0">
              <value>
                <![CDATA[15]]>
              </value>
            </param>
            <param index="1">
              <value>
                <![CDATA[3]]>
              </value>
            </param>
            <param index="2">
              <value>
                <![CDATA[45]]>
              </value>
            </param>
          </params>
          <reporter-output>
          </reporter-output>
        </test-method> <!-- sumDoubleTest -->
        <test-method status="PASS" signature="setUp()[pri:0, instance:com.epam.tat.module4.test.MultDoubleTest@1b40d5f0]" name="setUp" is-config="true" duration-ms="0" started-at="2018-04-11T11:23:20Z" finished-at="2018-04-11T11:23:20Z">
          <reporter-output>
          </reporter-output>
        </test-method> <!-- setUp -->
        <test-method status="FAIL" signature="sumDoubleTest(double, double, double)[pri:0, instance:com.epam.tat.module4.test.MultDoubleTest@1b40d5f0]" name="sumDoubleTest" duration-ms="0" started-at="2018-04-11T11:23:20Z" data-provider="multDoubleDp" finished-at="2018-04-11T11:23:20Z">
          <params>
            <param index="0">
              <value>
                <![CDATA[0.5]]>
              </value>
            </param>
            <param index="1">
              <value>
                <![CDATA[0.5]]>
              </value>
            </param>
            <param index="2">
              <value>
                <![CDATA[0.25]]>
              </value>
            </param>
          </params>
          <exception class="java.lang.AssertionError">
            <message>
              <![CDATA[defect founded in mult with double arguments expected [0.25] but found [0.0]]]>
            </message>
            <full-stacktrace>
              <![CDATA[java.lang.AssertionError: defect founded in mult with double arguments expected [0.25] but found [0.0]
	at org.testng.Assert.fail(Assert.java:94)
	at org.testng.Assert.failNotEquals(Assert.java:496)
	at org.testng.Assert.assertEquals(Assert.java:125)
	at com.epam.tat.module4.test.MultDoubleTest.sumDoubleTest(MultDoubleTest.java:26)
	at sun.reflect.NativeMethodAccessorImpl.invoke0(Native Method)
	at sun.reflect.NativeMethodAccessorImpl.invoke(NativeMethodAccessorImpl.java:62)
	at sun.reflect.DelegatingMethodAccessorImpl.invoke(DelegatingMethodAccessorImpl.java:43)
	at java.lang.reflect.Method.invoke(Method.java:498)
	at org.testng.internal.MethodInvocationHelper.invokeMethod(MethodInvocationHelper.java:85)
	at org.testng.internal.Invoker.invokeMethod(Invoker.java:639)
	at org.testng.internal.Invoker.invokeTestMethod(Invoker.java:816)
	at org.testng.internal.Invoker.invokeTestMethods(Invoker.java:1124)
	at org.testng.internal.TestMethodWorker.invokeTestMethods(TestMethodWorker.java:125)
	at org.testng.internal.TestMethodWorker.run(TestMethodWorker.java:108)
	at org.testng.TestRunner.privateRun(TestRunner.java:774)
	at org.testng.TestRunner.run(TestRunner.java:624)
	at org.testng.SuiteRunner.runTest(SuiteRunner.java:359)
	at org.testng.SuiteRunner.access$000(SuiteRunner.java:39)
	at org.testng.SuiteRunner$SuiteWorker.run(SuiteRunner.java:393)
	at org.testng.internal.thread.ThreadUtil$2.call(ThreadUtil.java:64)
	at java.util.concurrent.FutureTask.run(FutureTask.java:266)
	at java.util.concurrent.ThreadPoolExecutor.runWorker(ThreadPoolExecutor.java:1149)
	at java.util.concurrent.ThreadPoolExecutor$Worker.run(ThreadPoolExecutor.java:624)
	at java.lang.Thread.run(Thread.java:748)
]]>
            </full-stacktrace>
          </exception> <!-- java.lang.AssertionError -->
          <reporter-output>
          </reporter-output>
        </test-method> <!-- sumDoubleTest -->
        <test-method status="PASS" signature="sumDoubleTest(double, double, double)[pri:0, instance:com.epam.tat.module4.test.MultDoubleTest@1b40d5f0]" name="sumDoubleTest" duration-ms="1000" started-at="2018-04-11T11:23:21Z" data-provider="multDoubleDp" finished-at="2018-04-11T11:23:22Z">
          <params>
            <param index="0">
              <value>
                <![CDATA[6.3]]>
              </value>
            </param>
            <param index="1">
              <value>
                <![CDATA[0]]>
              </value>
            </param>
            <param index="2">
              <value>
                <![CDATA[0]]>
              </value>
            </param>
          </params>
          <reporter-output>
          </reporter-output>
        </test-method> <!-- sumDoubleTest -->
        <test-method status="PASS" signature="tearDown()[pri:0, instance:com.epam.tat.module4.test.MultDoubleTest@1b40d5f0]" name="tearDown" is-config="true" duration-ms="0" started-at="2018-04-11T11:23:22Z" finished-at="2018-04-11T11:23:22Z">
          <reporter-output>
          </reporter-output>
        </test-method> <!-- tearDown -->
      </class> <!-- com.epam.tat.module4.test.MultDoubleTest -->
    </test> <!-- MultDoubleTest -->
    <test name="SubTest" duration-ms="6032" started-at="2018-04-11T08:23:17Z" finished-at="2018-04-11T08:23:23Z">
      <class name="com.epam.tat.module4.test.SubTest">
        <test-method status="PASS" signature="setUp()[pri:0, instance:com.epam.tat.module4.test.SubTest@6ea6d14e]" name="setUp" is-config="true" duration-ms="0" started-at="2018-04-11T11:23:17Z" finished-at="2018-04-11T11:23:17Z">
          <reporter-output>
          </reporter-output>
        </test-method> <!-- setUp -->
        <test-method status="PASS" signature="subTest()[pri:0, instance:com.epam.tat.module4.test.SubTest@28864e92]" name="subTest" duration-ms="1015" started-at="2018-04-11T11:23:17Z" finished-at="2018-04-11T11:23:18Z">
          <reporter-output>
          </reporter-output>
        </test-method> <!-- subTest -->
        <test-method status="PASS" signature="tearDown()[pri:0, instance:com.epam.tat.module4.test.SubTest@6ea6d14e]" name="tearDown" is-config="true" duration-ms="0" started-at="2018-04-11T11:23:18Z" finished-at="2018-04-11T11:23:18Z">
          <reporter-output>
          </reporter-output>
        </test-method> <!-- tearDown -->
        <test-method status="PASS" signature="setUp()[pri:0, instance:com.epam.tat.module4.test.SubTest@6ea6d14e]" name="setUp" is-config="true" duration-ms="0" started-at="2018-04-11T11:23:18Z" finished-at="2018-04-11T11:23:18Z">
          <reporter-output>
          </reporter-output>
        </test-method> <!-- setUp -->
        <test-method status="PASS" signature="subTest()[pri:0, instance:com.epam.tat.module4.test.SubTest@2eee9593]" name="subTest" duration-ms="1001" started-at="2018-04-11T11:23:18Z" finished-at="2018-04-11T11:23:19Z">
          <reporter-output>
          </reporter-output>
        </test-method> <!-- subTest -->
        <test-method status="PASS" signature="tearDown()[pri:0, instance:com.epam.tat.module4.test.SubTest@6ea6d14e]" name="tearDown" is-config="true" duration-ms="0" started-at="2018-04-11T11:23:19Z" finished-at="2018-04-11T11:23:19Z">
          <reporter-output>
          </reporter-output>
        </test-method> <!-- tearDown -->
        <test-method status="PASS" signature="setUp()[pri:0, instance:com.epam.tat.module4.test.SubTest@6ea6d14e]" name="setUp" is-config="true" duration-ms="0" started-at="2018-04-11T11:23:19Z" finished-at="2018-04-11T11:23:19Z">
          <reporter-output>
          </reporter-output>
        </test-method> <!-- setUp -->
        <test-method status="PASS" signature="subTest()[pri:0, instance:com.epam.tat.module4.test.SubTest@546a03af]" name="subTest" duration-ms="1000" started-at="2018-04-11T11:23:19Z" finished-at="2018-04-11T11:23:20Z">
          <reporter-output>
          </reporter-output>
        </test-method> <!-- subTest -->
        <test-method status="PASS" signature="subTest()[pri:0, instance:com.epam.tat.module4.test.SubTest@6ea6d14e]" name="subTest" duration-ms="1000" started-at="2018-04-11T11:23:20Z" finished-at="2018-04-11T11:23:21Z">
          <reporter-output>
          </reporter-output>
        </test-method> <!-- subTest -->
        <test-method status="PASS" signature="tearDown()[pri:0, instance:com.epam.tat.module4.test.SubTest@6ea6d14e]" name="tearDown" is-config="true" duration-ms="0" started-at="2018-04-11T11:23:20Z" finished-at="2018-04-11T11:23:20Z">
          <reporter-output>
          </reporter-output>
        </test-method> <!-- tearDown -->
        <test-method status="PASS" signature="setUp()[pri:0, instance:com.epam.tat.module4.test.SubTest@6ea6d14e]" name="setUp" is-config="true" duration-ms="0" started-at="2018-04-11T11:23:20Z" finished-at="2018-04-11T11:23:20Z">
          <reporter-output>
          </reporter-output>
        </test-method> <!-- setUp -->
        <test-method status="PASS" signature="tearDown()[pri:0, instance:com.epam.tat.module4.test.SubTest@6ea6d14e]" name="tearDown" is-config="true" duration-ms="0" started-at="2018-04-11T11:23:21Z" finished-at="2018-04-11T11:23:21Z">
          <reporter-output>
          </reporter-output>
        </test-method> <!-- tearDown -->
        <test-method status="PASS" signature="subTest()[pri:0, instance:com.epam.tat.module4.test.SubTest@721e0f4f]" name="subTest" duration-ms="1001" started-at="2018-04-11T11:23:21Z" finished-at="2018-04-11T11:23:22Z">
          <reporter-output>
          </reporter-output>
        </test-method> <!-- subTest -->
        <test-method status="PASS" signature="setUp()[pri:0, instance:com.epam.tat.module4.test.SubTest@6ea6d14e]" name="setUp" is-config="true" duration-ms="0" started-at="2018-04-11T11:23:21Z" finished-at="2018-04-11T11:23:21Z">
          <reporter-output>
          </reporter-output>
        </test-method> <!-- setUp -->
        <test-method status="PASS" signature="setUp()[pri:0, instance:com.epam.tat.module4.test.SubTest@6ea6d14e]" name="setUp" is-config="true" duration-ms="0" started-at="2018-04-11T11:23:22Z" finished-at="2018-04-11T11:23:22Z">
          <reporter-output>
          </reporter-output>
        </test-method> <!-- setUp -->
        <test-method status="PASS" signature="subTest()[pri:0, instance:com.epam.tat.module4.test.SubTest@7907ec20]" name="subTest" duration-ms="1015" started-at="2018-04-11T11:23:22Z" finished-at="2018-04-11T11:23:23Z">
          <reporter-output>
          </reporter-output>
        </test-method> <!-- subTest -->
        <test-method status="PASS" signature="tearDown()[pri:0, instance:com.epam.tat.module4.test.SubTest@6ea6d14e]" name="tearDown" is-config="true" duration-ms="0" started-at="2018-04-11T11:23:22Z" finished-at="2018-04-11T11:23:22Z">
          <reporter-output>
          </reporter-output>
        </test-method> <!-- tearDown -->
        <test-method status="PASS" signature="tearDown()[pri:0, instance:com.epam.tat.module4.test.SubTest@6ea6d14e]" name="tearDown" is-config="true" duration-ms="0" started-at="2018-04-11T11:23:23Z" finished-at="2018-04-11T11:23:23Z">
          <reporter-output>
          </reporter-output>
        </test-method> <!-- tearDown -->
      </class> <!-- com.epam.tat.module4.test.SubTest -->
    </test> <!-- SubTest -->
    <test name="PowTest" duration-ms="1015" started-at="2018-04-11T08:23:22Z" finished-at="2018-04-11T08:23:23Z">
      <class name="com.epam.tat.module4.test.PowTest">
        <test-method status="PASS" signature="setUp()[pri:0, instance:com.epam.tat.module4.test.PowTest@2ff4f00f]" name="setUp" is-config="true" duration-ms="0" started-at="2018-04-11T11:23:22Z" finished-at="2018-04-11T11:23:22Z">
          <reporter-output>
          </reporter-output>
        </test-method> <!-- setUp -->
        <test-method status="PASS" signature="powTest(double, double, double)[pri:0, instance:com.epam.tat.module4.test.PowTest@2ff4f00f]" name="powTest" duration-ms="1015" started-at="2018-04-11T11:23:22Z" finished-at="2018-04-11T11:23:23Z">
          <params>
            <param index="0">
              <value>
                <![CDATA[2.0]]>
              </value>
            </param>
            <param index="1">
              <value>
                <![CDATA[3.0]]>
              </value>
            </param>
            <param index="2">
              <value>
                <![CDATA[8.0]]>
              </value>
            </param>
          </params>
          <reporter-output>
          </reporter-output>
        </test-method> <!-- powTest -->
        <test-method status="PASS" signature="tearDown()[pri:0, instance:com.epam.tat.module4.test.PowTest@2ff4f00f]" name="tearDown" is-config="true" duration-ms="0" started-at="2018-04-11T11:23:23Z" finished-at="2018-04-11T11:23:23Z">
          <reporter-output>
          </reporter-output>
        </test-method> <!-- tearDown -->
      </class> <!-- com.epam.tat.module4.test.PowTest -->
    </test> <!-- PowTest -->
    <test name="DivTest" duration-ms="3031" started-at="2018-04-11T08:23:20Z" finished-at="2018-04-11T08:23:23Z">
      <class name="com.epam.tat.module4.test.DivTest">
        <test-method status="PASS" signature="divTest(long, long, long)[pri:0, instance:com.epam.tat.module4.test.DivTest@19bb089b]" name="divTest" duration-ms="1016" started-at="2018-04-11T11:23:20Z" data-provider="divDp" finished-at="2018-04-11T11:23:21Z">
          <params>
            <param index="0">
              <value>
                <![CDATA[4]]>
              </value>
            </param>
            <param index="1">
              <value>
                <![CDATA[2]]>
              </value>
            </param>
            <param index="2">
              <value>
                <![CDATA[2]]>
              </value>
            </param>
          </params>
          <reporter-output>
          </reporter-output>
        </test-method> <!-- divTest -->
        <test-method status="PASS" signature="setUp()[pri:0, instance:com.epam.tat.module4.test.DivTest@19bb089b]" name="setUp" is-config="true" duration-ms="0" started-at="2018-04-11T11:23:20Z" finished-at="2018-04-11T11:23:20Z">
          <reporter-output>
          </reporter-output>
        </test-method> <!-- setUp -->
        <test-method status="PASS" signature="divTest(long, long, long)[pri:0, instance:com.epam.tat.module4.test.DivTest@19bb089b]" name="divTest" duration-ms="1000" started-at="2018-04-11T11:23:21Z" data-provider="divDp" finished-at="2018-04-11T11:23:22Z">
          <params>
            <param index="0">
              <value>
                <![CDATA[0]]>
              </value>
            </param>
            <param index="1">
              <value>
                <![CDATA[4]]>
              </value>
            </param>
            <param index="2">
              <value>
                <![CDATA[0]]>
              </value>
            </param>
          </params>
          <reporter-output>
          </reporter-output>
        </test-method> <!-- divTest -->
        <test-method status="PASS" signature="divTest(long, long, long)[pri:0, instance:com.epam.tat.module4.test.DivTest@19bb089b]" name="divTest" duration-ms="1015" started-at="2018-04-11T11:23:22Z" data-provider="divDp" finished-at="2018-04-11T11:23:23Z">
          <params>
            <param index="0">
              <value>
                <![CDATA[-2]]>
              </value>
            </param>
            <param index="1">
              <value>
                <![CDATA[1]]>
              </value>
            </param>
            <param index="2">
              <value>
                <![CDATA[-2]]>
              </value>
            </param>
          </params>
          <reporter-output>
          </reporter-output>
        </test-method> <!-- divTest -->
        <test-method status="PASS" signature="tearDown()[pri:0, instance:com.epam.tat.module4.test.DivTest@19bb089b]" name="tearDown" is-config="true" duration-ms="0" started-at="2018-04-11T11:23:23Z" finished-at="2018-04-11T11:23:23Z">
          <reporter-output>
          </reporter-output>
        </test-method> <!-- tearDown -->
        <test-method status="PASS" signature="zeroDivisionTest()[pri:0, instance:com.epam.tat.module4.test.DivTest@19bb089b]" name="zeroDivisionTest" duration-ms="0" started-at="2018-04-11T11:23:23Z" finished-at="2018-04-11T11:23:23Z">
          <exception class="java.lang.NumberFormatException">
            <message>
              <![CDATA[Attempt to divide by zero]]>
            </message>
            <full-stacktrace>
              <![CDATA[java.lang.NumberFormatException: Attempt to divide by zero
	at com.epam.tat.module4.Calculator.div(Calculator.java:34)
	at com.epam.tat.module4.test.DivTest.zeroDivisionTest(DivTest.java:15)
	at sun.reflect.NativeMethodAccessorImpl.invoke0(Native Method)
	at sun.reflect.NativeMethodAccessorImpl.invoke(NativeMethodAccessorImpl.java:62)
	at sun.reflect.DelegatingMethodAccessorImpl.invoke(DelegatingMethodAccessorImpl.java:43)
	at java.lang.reflect.Method.invoke(Method.java:498)
	at org.testng.internal.MethodInvocationHelper.invokeMethod(MethodInvocationHelper.java:85)
	at org.testng.internal.Invoker.invokeMethod(Invoker.java:639)
	at org.testng.internal.Invoker.invokeTestMethod(Invoker.java:816)
	at org.testng.internal.Invoker.invokeTestMethods(Invoker.java:1124)
	at org.testng.internal.TestMethodWorker.invokeTestMethods(TestMethodWorker.java:125)
	at org.testng.internal.TestMethodWorker.run(TestMethodWorker.java:108)
	at org.testng.TestRunner.privateRun(TestRunner.java:774)
	at org.testng.TestRunner.run(TestRunner.java:624)
	at org.testng.SuiteRunner.runTest(SuiteRunner.java:359)
	at org.testng.SuiteRunner.access$000(SuiteRunner.java:39)
	at org.testng.SuiteRunner$SuiteWorker.run(SuiteRunner.java:393)
	at org.testng.internal.thread.ThreadUtil$2.call(ThreadUtil.java:64)
	at java.util.concurrent.FutureTask.run(FutureTask.java:266)
	at java.util.concurrent.ThreadPoolExecutor.runWorker(ThreadPoolExecutor.java:1149)
	at java.util.concurrent.ThreadPoolExecutor$Worker.run(ThreadPoolExecutor.java:624)
	at java.lang.Thread.run(Thread.java:748)
]]>
            </full-stacktrace>
          </exception> <!-- java.lang.NumberFormatException -->
          <reporter-output>
          </reporter-output>
        </test-method> <!-- zeroDivisionTest -->
      </class> <!-- com.epam.tat.module4.test.DivTest -->
    </test> <!-- DivTest -->
    <test name="PositiveNegativeTest" duration-ms="2002" started-at="2018-04-11T08:23:23Z" finished-at="2018-04-11T08:23:25Z">
      <class name="com.epam.tat.module4.test.PositiveNegativeTest">
        <test-method status="PASS" signature="setUp()[pri:0, instance:com.epam.tat.module4.test.PositiveNegativeTest@35bbe5e8]" name="setUp" is-config="true" duration-ms="0" started-at="2018-04-11T11:23:23Z" finished-at="2018-04-11T11:23:23Z">
          <reporter-output>
          </reporter-output>
        </test-method> <!-- setUp -->
        <test-method status="PASS" signature="isNegativeTest()[pri:0, instance:com.epam.tat.module4.test.PositiveNegativeTest@35bbe5e8]" name="isNegativeTest" duration-ms="1001" started-at="2018-04-11T11:23:23Z" finished-at="2018-04-11T11:23:24Z">
          <reporter-output>
          </reporter-output>
        </test-method> <!-- isNegativeTest -->
        <test-method status="PASS" signature="isPositiveTest()[pri:0, instance:com.epam.tat.module4.test.PositiveNegativeTest@35bbe5e8]" name="isPositiveTest" duration-ms="1001" started-at="2018-04-11T11:23:24Z" finished-at="2018-04-11T11:23:25Z">
          <reporter-output>
          </reporter-output>
        </test-method> <!-- isPositiveTest -->
        <test-method status="PASS" signature="tearDown()[pri:0, instance:com.epam.tat.module4.test.PositiveNegativeTest@35bbe5e8]" name="tearDown" is-config="true" duration-ms="0" started-at="2018-04-11T11:23:25Z" finished-at="2018-04-11T11:23:25Z">
          <reporter-output>
          </reporter-output>
        </test-method> <!-- tearDown -->
      </class> <!-- com.epam.tat.module4.test.PositiveNegativeTest -->
    </test> <!-- PositiveNegativeTest -->
    <test name="DivDoubleTest" duration-ms="4033" started-at="2018-04-11T08:23:21Z" finished-at="2018-04-11T08:23:25Z">
      <class name="com.epam.tat.module4.test.DivDoubleTest">
        <test-method status="PASS" signature="divDoubleTest(double, double, double)[pri:0, instance:com.epam.tat.module4.test.DivDoubleTest@4cdbe50f]" name="divDoubleTest" duration-ms="1016" started-at="2018-04-11T11:23:21Z" data-provider="divDoubleDp" finished-at="2018-04-11T11:23:22Z">
          <params>
            <param index="0">
              <value>
                <![CDATA[34.0]]>
              </value>
            </param>
            <param index="1">
              <value>
                <![CDATA[2.0]]>
              </value>
            </param>
            <param index="2">
              <value>
                <![CDATA[17.0]]>
              </value>
            </param>
          </params>
          <reporter-output>
          </reporter-output>
        </test-method> <!-- divDoubleTest -->
        <test-method status="PASS" signature="setUp()[pri:0, instance:com.epam.tat.module4.test.DivDoubleTest@4cdbe50f]" name="setUp" is-config="true" duration-ms="0" started-at="2018-04-11T11:23:21Z" finished-at="2018-04-11T11:23:21Z">
          <reporter-output>
          </reporter-output>
        </test-method> <!-- setUp -->
        <test-method status="PASS" signature="divDoubleTest(double, double, double)[pri:0, instance:com.epam.tat.module4.test.DivDoubleTest@4cdbe50f]" name="divDoubleTest" duration-ms="1015" started-at="2018-04-11T11:23:22Z" data-provider="divDoubleDp" finished-at="2018-04-11T11:23:23Z">
          <params>
            <param index="0">
              <value>
                <![CDATA[0.0]]>
              </value>
            </param>
            <param index="1">
              <value>
                <![CDATA[2.253546246E9]]>
              </value>
            </param>
            <param index="2">
              <value>
                <![CDATA[0.0]]>
              </value>
            </param>
          </params>
          <reporter-output>
          </reporter-output>
        </test-method> <!-- divDoubleTest -->
        <test-method status="PASS" signature="divDoubleTest(double, double, double)[pri:0, instance:com.epam.tat.module4.test.DivDoubleTest@4cdbe50f]" name="divDoubleTest" duration-ms="1001" started-at="2018-04-11T11:23:23Z" data-provider="divDoubleDp" finished-at="2018-04-11T11:23:24Z">
          <params>
            <param index="0">
              <value>
                <![CDATA[-12.0]]>
              </value>
            </param>
            <param index="1">
              <value>
                <![CDATA[2.0]]>
              </value>
            </param>
            <param index="2">
              <value>
                <![CDATA[-6.0]]>
              </value>
            </param>
          </params>
          <reporter-output>
          </reporter-output>
        </test-method> <!-- divDoubleTest -->
        <test-method status="FAIL" signature="zeroDivisionTest()[pri:0, instance:com.epam.tat.module4.test.DivDoubleTest@4cdbe50f]" name="zeroDivisionTest" duration-ms="1001" started-at="2018-04-11T11:23:24Z" finished-at="2018-04-11T11:23:25Z">
          <exception class="org.testng.TestException">
            <message>
              <![CDATA[
Method DivDoubleTest.zeroDivisionTest()[pri:0, instance:com.epam.tat.module4.test.DivDoubleTest@4cdbe50f] should have thrown an exception of type class java.lang.NumberFormatException]]>
            </message>
            <full-stacktrace>
              <![CDATA[org.testng.TestException: 
Method DivDoubleTest.zeroDivisionTest()[pri:0, instance:com.epam.tat.module4.test.DivDoubleTest@4cdbe50f] should have thrown an exception of type class java.lang.NumberFormatException
	at org.testng.internal.ExpectedExceptionsHolder.noException(ExpectedExceptionsHolder.java:89)
	at org.testng.internal.Invoker.handleInvocationResults(Invoker.java:1376)
	at org.testng.internal.Invoker.invokeMethod(Invoker.java:677)
	at org.testng.internal.Invoker.invokeTestMethod(Invoker.java:816)
	at org.testng.internal.Invoker.invokeTestMethods(Invoker.java:1124)
	at org.testng.internal.TestMethodWorker.invokeTestMethods(TestMethodWorker.java:125)
	at org.testng.internal.TestMethodWorker.run(TestMethodWorker.java:108)
	at org.testng.TestRunner.privateRun(TestRunner.java:774)
	at org.testng.TestRunner.run(TestRunner.java:624)
	at org.testng.SuiteRunner.runTest(SuiteRunner.java:359)
	at org.testng.SuiteRunner.access$000(SuiteRunner.java:39)
	at org.testng.SuiteRunner$SuiteWorker.run(SuiteRunner.java:393)
	at org.testng.internal.thread.ThreadUtil$2.call(ThreadUtil.java:64)
	at java.util.concurrent.FutureTask.run(FutureTask.java:266)
	at java.util.concurrent.ThreadPoolExecutor.runWorker(ThreadPoolExecutor.java:1149)
	at java.util.concurrent.ThreadPoolExecutor$Worker.run(ThreadPoolExecutor.java:624)
	at java.lang.Thread.run(Thread.java:748)
]]>
            </full-stacktrace>
          </exception> <!-- org.testng.TestException -->
          <reporter-output>
          </reporter-output>
        </test-method> <!-- zeroDivisionTest -->
        <test-method status="PASS" signature="tearDown()[pri:0, instance:com.epam.tat.module4.test.DivDoubleTest@4cdbe50f]" name="tearDown" is-config="true" duration-ms="0" started-at="2018-04-11T11:23:25Z" finished-at="2018-04-11T11:23:25Z">
          <reporter-output>
          </reporter-output>
        </test-method> <!-- tearDown -->
      </class> <!-- com.epam.tat.module4.test.DivDoubleTest -->
    </test> <!-- DivDoubleTest -->
  </suite> <!-- Parallel (0) -->
  <suite name="Calculator" duration-ms="0" started-at="2018-04-11T08:23:26Z" finished-at="2018-04-11T08:23:26Z">
    <groups>
    </groups>
  </suite> <!-- Calculator -->
  <suite name="CalculatorSuite" duration-ms="28795" started-at="2018-04-11T08:22:48Z" finished-at="2018-04-11T08:23:17Z">
    <groups>
    </groups>
    <test name="SumTest" duration-ms="3073" started-at="2018-04-11T08:22:48Z" finished-at="2018-04-11T08:22:51Z">
      <class name="com.epam.tat.module4.test.SumTest">
        <test-method status="PASS" signature="setUp()[pri:0, instance:com.epam.tat.module4.test.SumTest@64b8f8f4]" name="setUp" is-config="true" duration-ms="6" started-at="2018-04-11T11:22:48Z" finished-at="2018-04-11T11:22:48Z">
          <reporter-output>
          </reporter-output>
        </test-method> <!-- setUp -->
        <test-method status="PASS" signature="sumTest(long, long, long)[pri:0, instance:com.epam.tat.module4.test.SumTest@64b8f8f4]" name="sumTest" duration-ms="1030" started-at="2018-04-11T11:22:48Z" data-provider="sumDp" finished-at="2018-04-11T11:22:49Z">
          <params>
            <param index="0">
              <value>
                <![CDATA[1]]>
              </value>
            </param>
            <param index="1">
              <value>
                <![CDATA[1]]>
              </value>
            </param>
            <param index="2">
              <value>
                <![CDATA[2]]>
              </value>
            </param>
          </params>
          <reporter-output>
          </reporter-output>
        </test-method> <!-- sumTest -->
        <test-method status="PASS" signature="sumTest(long, long, long)[pri:0, instance:com.epam.tat.module4.test.SumTest@64b8f8f4]" name="sumTest" duration-ms="1002" started-at="2018-04-11T11:22:49Z" data-provider="sumDp" finished-at="2018-04-11T11:22:50Z">
          <params>
            <param index="0">
              <value>
                <![CDATA[0]]>
              </value>
            </param>
            <param index="1">
              <value>
                <![CDATA[1]]>
              </value>
            </param>
            <param index="2">
              <value>
                <![CDATA[1]]>
              </value>
            </param>
          </params>
          <reporter-output>
          </reporter-output>
        </test-method> <!-- sumTest -->
        <test-method status="PASS" signature="sumTest(long, long, long)[pri:0, instance:com.epam.tat.module4.test.SumTest@64b8f8f4]" name="sumTest" duration-ms="1000" started-at="2018-04-11T11:22:50Z" data-provider="sumDp" finished-at="2018-04-11T11:22:51Z">
          <params>
            <param index="0">
              <value>
                <![CDATA[-1]]>
              </value>
            </param>
            <param index="1">
              <value>
                <![CDATA[1]]>
              </value>
            </param>
            <param index="2">
              <value>
                <![CDATA[0]]>
              </value>
            </param>
          </params>
          <reporter-output>
          </reporter-output>
        </test-method> <!-- sumTest -->
        <test-method status="PASS" signature="tearDown()[pri:0, instance:com.epam.tat.module4.test.SumTest@64b8f8f4]" name="tearDown" is-config="true" duration-ms="0" started-at="2018-04-11T11:22:51Z" finished-at="2018-04-11T11:22:51Z">
          <reporter-output>
          </reporter-output>
        </test-method> <!-- tearDown -->
      </class> <!-- com.epam.tat.module4.test.SumTest -->
    </test> <!-- SumTest -->
    <test name="SumDoubleTest" duration-ms="3051" started-at="2018-04-11T08:22:52Z" finished-at="2018-04-11T08:22:55Z">
      <class name="com.epam.tat.module4.test.SumDoubleTest">
        <test-method status="PASS" signature="sumDoubleTest(double, double, double)[pri:0, instance:com.epam.tat.module4.test.SumDoubleTest@574caa3f]" name="sumDoubleTest" duration-ms="1015" started-at="2018-04-11T11:22:52Z" data-provider="sumDoubleDp" finished-at="2018-04-11T11:22:53Z">
          <params>
            <param index="0">
              <value>
                <![CDATA[0.5]]>
              </value>
            </param>
            <param index="1">
              <value>
                <![CDATA[0.75]]>
              </value>
            </param>
            <param index="2">
              <value>
                <![CDATA[1.25]]>
              </value>
            </param>
          </params>
          <reporter-output>
          </reporter-output>
        </test-method> <!-- sumDoubleTest -->
        <test-method status="PASS" signature="setUp()[pri:0, instance:com.epam.tat.module4.test.SumDoubleTest@574caa3f]" name="setUp" is-config="true" duration-ms="0" started-at="2018-04-11T11:22:52Z" finished-at="2018-04-11T11:22:52Z">
          <reporter-output>
          </reporter-output>
        </test-method> <!-- setUp -->
        <test-method status="PASS" signature="sumDoubleTest(double, double, double)[pri:0, instance:com.epam.tat.module4.test.SumDoubleTest@574caa3f]" name="sumDoubleTest" duration-ms="1020" started-at="2018-04-11T11:22:53Z" data-provider="sumDoubleDp" finished-at="2018-04-11T11:22:54Z">
          <params>
            <param index="0">
              <value>
                <![CDATA[1]]>
              </value>
            </param>
            <param index="1">
              <value>
                <![CDATA[3]]>
              </value>
            </param>
            <param index="2">
              <value>
                <![CDATA[4]]>
              </value>
            </param>
          </params>
          <reporter-output>
          </reporter-output>
        </test-method> <!-- sumDoubleTest -->
        <test-method status="PASS" signature="sumDoubleTest(double, double, double)[pri:0, instance:com.epam.tat.module4.test.SumDoubleTest@574caa3f]" name="sumDoubleTest" duration-ms="1015" started-at="2018-04-11T11:22:54Z" data-provider="sumDoubleDp" finished-at="2018-04-11T11:22:55Z">
          <params>
            <param index="0">
              <value>
                <![CDATA[-6.3]]>
              </value>
            </param>
            <param index="1">
              <value>
                <![CDATA[0]]>
              </value>
            </param>
            <param index="2">
              <value>
                <![CDATA[-6.3]]>
              </value>
            </param>
          </params>
          <reporter-output>
          </reporter-output>
        </test-method> <!-- sumDoubleTest -->
        <test-method status="PASS" signature="tearDown()[pri:0, instance:com.epam.tat.module4.test.SumDoubleTest@574caa3f]" name="tearDown" is-config="true" duration-ms="0" started-at="2018-04-11T11:22:55Z" finished-at="2018-04-11T11:22:55Z">
          <reporter-output>
          </reporter-output>
        </test-method> <!-- tearDown -->
      </class> <!-- com.epam.tat.module4.test.SumDoubleTest -->
    </test> <!-- SumDoubleTest -->
    <test name="SubTest" duration-ms="6090" started-at="2018-04-11T08:22:55Z" finished-at="2018-04-11T08:23:01Z">
      <class name="com.epam.tat.module4.test.SubTest">
        <test-method status="PASS" signature="setUp()[pri:0, instance:com.epam.tat.module4.test.SubTest@de0a01f]" name="setUp" is-config="true" duration-ms="0" started-at="2018-04-11T11:22:55Z" finished-at="2018-04-11T11:22:55Z">
          <reporter-output>
          </reporter-output>
        </test-method> <!-- setUp -->
        <test-method status="PASS" signature="subTest()[pri:0, instance:com.epam.tat.module4.test.SubTest@12bc6874]" name="subTest" duration-ms="1014" started-at="2018-04-11T11:22:55Z" finished-at="2018-04-11T11:22:56Z">
          <reporter-output>
          </reporter-output>
        </test-method> <!-- subTest -->
        <test-method status="PASS" signature="subTest()[pri:0, instance:com.epam.tat.module4.test.SubTest@2d6d8735]" name="subTest" duration-ms="1015" started-at="2018-04-11T11:22:56Z" finished-at="2018-04-11T11:22:57Z">
          <reporter-output>
          </reporter-output>
        </test-method> <!-- subTest -->
        <test-method status="PASS" signature="tearDown()[pri:0, instance:com.epam.tat.module4.test.SubTest@de0a01f]" name="tearDown" is-config="true" duration-ms="0" started-at="2018-04-11T11:22:56Z" finished-at="2018-04-11T11:22:56Z">
          <reporter-output>
          </reporter-output>
        </test-method> <!-- tearDown -->
        <test-method status="PASS" signature="setUp()[pri:0, instance:com.epam.tat.module4.test.SubTest@de0a01f]" name="setUp" is-config="true" duration-ms="0" started-at="2018-04-11T11:22:56Z" finished-at="2018-04-11T11:22:56Z">
          <reporter-output>
          </reporter-output>
        </test-method> <!-- setUp -->
        <test-method status="PASS" signature="subTest()[pri:0, instance:com.epam.tat.module4.test.SubTest@6aceb1a5]" name="subTest" duration-ms="1016" started-at="2018-04-11T11:22:57Z" finished-at="2018-04-11T11:22:58Z">
          <reporter-output>
          </reporter-output>
        </test-method> <!-- subTest -->
        <test-method status="PASS" signature="setUp()[pri:0, instance:com.epam.tat.module4.test.SubTest@de0a01f]" name="setUp" is-config="true" duration-ms="0" started-at="2018-04-11T11:22:57Z" finished-at="2018-04-11T11:22:57Z">
          <reporter-output>
          </reporter-output>
        </test-method> <!-- setUp -->
        <test-method status="PASS" signature="tearDown()[pri:0, instance:com.epam.tat.module4.test.SubTest@de0a01f]" name="tearDown" is-config="true" duration-ms="0" started-at="2018-04-11T11:22:57Z" finished-at="2018-04-11T11:22:57Z">
          <reporter-output>
          </reporter-output>
        </test-method> <!-- tearDown -->
        <test-method status="PASS" signature="subTest()[pri:0, instance:com.epam.tat.module4.test.SubTest@769c9116]" name="subTest" duration-ms="1014" started-at="2018-04-11T11:22:58Z" finished-at="2018-04-11T11:22:59Z">
          <reporter-output>
          </reporter-output>
        </test-method> <!-- subTest -->
        <test-method status="PASS" signature="tearDown()[pri:0, instance:com.epam.tat.module4.test.SubTest@de0a01f]" name="tearDown" is-config="true" duration-ms="0" started-at="2018-04-11T11:22:58Z" finished-at="2018-04-11T11:22:58Z">
          <reporter-output>
          </reporter-output>
        </test-method> <!-- tearDown -->
        <test-method status="PASS" signature="setUp()[pri:0, instance:com.epam.tat.module4.test.SubTest@de0a01f]" name="setUp" is-config="true" duration-ms="0" started-at="2018-04-11T11:22:58Z" finished-at="2018-04-11T11:22:58Z">
          <reporter-output>
          </reporter-output>
        </test-method> <!-- setUp -->
        <test-method status="PASS" signature="subTest()[pri:0, instance:com.epam.tat.module4.test.SubTest@ba4d54]" name="subTest" duration-ms="1015" started-at="2018-04-11T11:22:59Z" finished-at="2018-04-11T11:23:00Z">
          <reporter-output>
          </reporter-output>
        </test-method> <!-- subTest -->
        <test-method status="PASS" signature="tearDown()[pri:0, instance:com.epam.tat.module4.test.SubTest@de0a01f]" name="tearDown" is-config="true" duration-ms="0" started-at="2018-04-11T11:22:59Z" finished-at="2018-04-11T11:22:59Z">
          <reporter-output>
          </reporter-output>
        </test-method> <!-- tearDown -->
        <test-method status="PASS" signature="setUp()[pri:0, instance:com.epam.tat.module4.test.SubTest@de0a01f]" name="setUp" is-config="true" duration-ms="0" started-at="2018-04-11T11:22:59Z" finished-at="2018-04-11T11:22:59Z">
          <reporter-output>
          </reporter-output>
        </test-method> <!-- setUp -->
        <test-method status="PASS" signature="tearDown()[pri:0, instance:com.epam.tat.module4.test.SubTest@de0a01f]" name="tearDown" is-config="true" duration-ms="0" started-at="2018-04-11T11:23:00Z" finished-at="2018-04-11T11:23:00Z">
          <reporter-output>
          </reporter-output>
        </test-method> <!-- tearDown -->
        <test-method status="PASS" signature="subTest()[pri:0, instance:com.epam.tat.module4.test.SubTest@de0a01f]" name="subTest" duration-ms="1015" started-at="2018-04-11T11:23:00Z" finished-at="2018-04-11T11:23:01Z">
          <reporter-output>
          </reporter-output>
        </test-method> <!-- subTest -->
        <test-method status="PASS" signature="setUp()[pri:0, instance:com.epam.tat.module4.test.SubTest@de0a01f]" name="setUp" is-config="true" duration-ms="0" started-at="2018-04-11T11:23:00Z" finished-at="2018-04-11T11:23:00Z">
          <reporter-output>
          </reporter-output>
        </test-method> <!-- setUp -->
        <test-method status="PASS" signature="tearDown()[pri:0, instance:com.epam.tat.module4.test.SubTest@de0a01f]" name="tearDown" is-config="true" duration-ms="0" started-at="2018-04-11T11:23:01Z" finished-at="2018-04-11T11:23:01Z">
          <reporter-output>
          </reporter-output>
        </test-method> <!-- tearDown -->
      </class> <!-- com.epam.tat.module4.test.SubTest -->
    </test> <!-- SubTest -->
    <test name="SubDoubleTest" duration-ms="3016" started-at="2018-04-11T08:23:01Z" finished-at="2018-04-11T08:23:04Z">
      <class name="com.epam.tat.module4.test.SubDoubleTest">
        <test-method status="PASS" signature="setUp()[pri:0, instance:com.epam.tat.module4.test.SubDoubleTest@5fe5c6f]" name="setUp" is-config="true" duration-ms="0" started-at="2018-04-11T11:23:01Z" finished-at="2018-04-11T11:23:01Z">
          <reporter-output>
          </reporter-output>
        </test-method> <!-- setUp -->
        <test-method status="PASS" signature="subTest(double, double, double)[pri:0, instance:com.epam.tat.module4.test.SubDoubleTest@5fe5c6f]" name="subTest" duration-ms="1015" started-at="2018-04-11T11:23:01Z" data-provider="subDp" finished-at="2018-04-11T11:23:02Z">
          <params>
            <param index="0">
              <value>
                <![CDATA[35]]>
              </value>
            </param>
            <param index="1">
              <value>
                <![CDATA[0.2]]>
              </value>
            </param>
            <param index="2">
              <value>
                <![CDATA[34.8]]>
              </value>
            </param>
          </params>
          <reporter-output>
          </reporter-output>
        </test-method> <!-- subTest -->
        <test-method status="PASS" signature="subTest(double, double, double)[pri:0, instance:com.epam.tat.module4.test.SubDoubleTest@5fe5c6f]" name="subTest" duration-ms="1000" started-at="2018-04-11T11:23:02Z" data-provider="subDp" finished-at="2018-04-11T11:23:03Z">
          <params>
            <param index="0">
              <value>
                <![CDATA[0]]>
              </value>
            </param>
            <param index="1">
              <value>
                <![CDATA[0]]>
              </value>
            </param>
            <param index="2">
              <value>
                <![CDATA[0]]>
              </value>
            </param>
          </params>
          <reporter-output>
          </reporter-output>
        </test-method> <!-- subTest -->
        <test-method status="PASS" signature="subTest(double, double, double)[pri:0, instance:com.epam.tat.module4.test.SubDoubleTest@5fe5c6f]" name="subTest" duration-ms="1001" started-at="2018-04-11T11:23:03Z" data-provider="subDp" finished-at="2018-04-11T11:23:04Z">
          <params>
            <param index="0">
              <value>
                <![CDATA[-0.3]]>
              </value>
            </param>
            <param index="1">
              <value>
                <![CDATA[2.4]]>
              </value>
            </param>
            <param index="2">
              <value>
                <![CDATA[-2.7]]>
              </value>
            </param>
          </params>
          <reporter-output>
          </reporter-output>
        </test-method> <!-- subTest -->
        <test-method status="PASS" signature="tearDown()[pri:0, instance:com.epam.tat.module4.test.SubDoubleTest@5fe5c6f]" name="tearDown" is-config="true" duration-ms="0" started-at="2018-04-11T11:23:04Z" finished-at="2018-04-11T11:23:04Z">
          <reporter-output>
          </reporter-output>
        </test-method> <!-- tearDown -->
      </class> <!-- com.epam.tat.module4.test.SubDoubleTest -->
    </test> <!-- SubDoubleTest -->
    <test name="MultTest" duration-ms="1017" started-at="2018-04-11T08:23:04Z" finished-at="2018-04-11T08:23:05Z">
      <class name="com.epam.tat.module4.test.MultTest">
        <test-method status="PASS" signature="setUp()[pri:0, instance:com.epam.tat.module4.test.MultTest@50675690]" name="setUp" is-config="true" duration-ms="0" started-at="2018-04-11T11:23:04Z" finished-at="2018-04-11T11:23:04Z">
          <reporter-output>
          </reporter-output>
        </test-method> <!-- setUp -->
        <test-method status="PASS" signature="simpleMultTest()[pri:0, instance:com.epam.tat.module4.test.MultTest@50675690]" name="simpleMultTest" duration-ms="1016" started-at="2018-04-11T11:23:04Z" finished-at="2018-04-11T11:23:05Z">
          <reporter-output>
          </reporter-output>
        </test-method> <!-- simpleMultTest -->
        <test-method status="PASS" signature="tearDown()[pri:0, instance:com.epam.tat.module4.test.MultTest@50675690]" name="tearDown" is-config="true" duration-ms="0" started-at="2018-04-11T11:23:05Z" finished-at="2018-04-11T11:23:05Z">
          <reporter-output>
          </reporter-output>
        </test-method> <!-- tearDown -->
      </class> <!-- com.epam.tat.module4.test.MultTest -->
    </test> <!-- MultTest -->
    <test name="MultDoubleTest" duration-ms="2016" started-at="2018-04-11T08:23:05Z" finished-at="2018-04-11T08:23:07Z">
      <class name="com.epam.tat.module4.test.MultDoubleTest">
        <test-method status="PASS" signature="setUp()[pri:0, instance:com.epam.tat.module4.test.MultDoubleTest@629f0666]" name="setUp" is-config="true" duration-ms="0" started-at="2018-04-11T11:23:05Z" finished-at="2018-04-11T11:23:05Z">
          <reporter-output>
          </reporter-output>
        </test-method> <!-- setUp -->
        <test-method status="PASS" signature="sumDoubleTest(double, double, double)[pri:0, instance:com.epam.tat.module4.test.MultDoubleTest@629f0666]" name="sumDoubleTest" duration-ms="1016" started-at="2018-04-11T11:23:05Z" data-provider="multDoubleDp" finished-at="2018-04-11T11:23:06Z">
          <params>
            <param index="0">
              <value>
                <![CDATA[15]]>
              </value>
            </param>
            <param index="1">
              <value>
                <![CDATA[3]]>
              </value>
            </param>
            <param index="2">
              <value>
                <![CDATA[45]]>
              </value>
            </param>
          </params>
          <reporter-output>
          </reporter-output>
        </test-method> <!-- sumDoubleTest -->
        <test-method status="FAIL" signature="sumDoubleTest(double, double, double)[pri:0, instance:com.epam.tat.module4.test.MultDoubleTest@629f0666]" name="sumDoubleTest" duration-ms="0" started-at="2018-04-11T11:23:05Z" data-provider="multDoubleDp" finished-at="2018-04-11T11:23:05Z">
          <params>
            <param index="0">
              <value>
                <![CDATA[0.5]]>
              </value>
            </param>
            <param index="1">
              <value>
                <![CDATA[0.5]]>
              </value>
            </param>
            <param index="2">
              <value>
                <![CDATA[0.25]]>
              </value>
            </param>
          </params>
          <exception class="java.lang.AssertionError">
            <message>
              <![CDATA[defect founded in mult with double arguments expected [0.25] but found [0.0]]]>
            </message>
            <full-stacktrace>
              <![CDATA[java.lang.AssertionError: defect founded in mult with double arguments expected [0.25] but found [0.0]
	at org.testng.Assert.fail(Assert.java:94)
	at org.testng.Assert.failNotEquals(Assert.java:496)
	at org.testng.Assert.assertEquals(Assert.java:125)
	at com.epam.tat.module4.test.MultDoubleTest.sumDoubleTest(MultDoubleTest.java:26)
	at sun.reflect.NativeMethodAccessorImpl.invoke0(Native Method)
	at sun.reflect.NativeMethodAccessorImpl.invoke(NativeMethodAccessorImpl.java:62)
	at sun.reflect.DelegatingMethodAccessorImpl.invoke(DelegatingMethodAccessorImpl.java:43)
	at java.lang.reflect.Method.invoke(Method.java:498)
	at org.testng.internal.MethodInvocationHelper.invokeMethod(MethodInvocationHelper.java:85)
	at org.testng.internal.Invoker.invokeMethod(Invoker.java:639)
	at org.testng.internal.Invoker.invokeTestMethod(Invoker.java:816)
	at org.testng.internal.Invoker.invokeTestMethods(Invoker.java:1124)
	at org.testng.internal.TestMethodWorker.invokeTestMethods(TestMethodWorker.java:125)
	at org.testng.internal.TestMethodWorker.run(TestMethodWorker.java:108)
	at org.testng.TestRunner.privateRun(TestRunner.java:774)
	at org.testng.TestRunner.run(TestRunner.java:624)
	at org.testng.SuiteRunner.runTest(SuiteRunner.java:359)
	at org.testng.SuiteRunner.runSequentially(SuiteRunner.java:354)
	at org.testng.SuiteRunner.privateRun(SuiteRunner.java:312)
	at org.testng.SuiteRunner.run(SuiteRunner.java:261)
	at org.testng.SuiteRunnerWorker.runSuite(SuiteRunnerWorker.java:52)
	at org.testng.SuiteRunnerWorker.run(SuiteRunnerWorker.java:86)
	at org.testng.TestNG.runSuitesSequentially(TestNG.java:1215)
	at org.testng.TestNG.runSuitesSequentially(TestNG.java:1211)
	at org.testng.TestNG.runSuitesLocally(TestNG.java:1140)
	at org.testng.TestNG.run(TestNG.java:1048)
	at com.epam.tat.module4.test.runner.TestRunner.main(TestRunner.java:40)
	at sun.reflect.NativeMethodAccessorImpl.invoke0(Native Method)
	at sun.reflect.NativeMethodAccessorImpl.invoke(NativeMethodAccessorImpl.java:62)
	at sun.reflect.DelegatingMethodAccessorImpl.invoke(DelegatingMethodAccessorImpl.java:43)
	at java.lang.reflect.Method.invoke(Method.java:498)
	at com.intellij.rt.execution.application.AppMain.main(AppMain.java:147)
]]>
            </full-stacktrace>
          </exception> <!-- java.lang.AssertionError -->
          <reporter-output>
          </reporter-output>
        </test-method> <!-- sumDoubleTest -->
        <test-method status="PASS" signature="sumDoubleTest(double, double, double)[pri:0, instance:com.epam.tat.module4.test.MultDoubleTest@629f0666]" name="sumDoubleTest" duration-ms="1000" started-at="2018-04-11T11:23:06Z" data-provider="multDoubleDp" finished-at="2018-04-11T11:23:07Z">
          <params>
            <param index="0">
              <value>
                <![CDATA[6.3]]>
              </value>
            </param>
            <param index="1">
              <value>
                <![CDATA[0]]>
              </value>
            </param>
            <param index="2">
              <value>
                <![CDATA[0]]>
              </value>
            </param>
          </params>
          <reporter-output>
          </reporter-output>
        </test-method> <!-- sumDoubleTest -->
        <test-method status="PASS" signature="tearDown()[pri:0, instance:com.epam.tat.module4.test.MultDoubleTest@629f0666]" name="tearDown" is-config="true" duration-ms="0" started-at="2018-04-11T11:23:07Z" finished-at="2018-04-11T11:23:07Z">
          <reporter-output>
          </reporter-output>
        </test-method> <!-- tearDown -->
      </class> <!-- com.epam.tat.module4.test.MultDoubleTest -->
    </test> <!-- MultDoubleTest -->
    <test name="DivTest" duration-ms="3045" started-at="2018-04-11T08:23:07Z" finished-at="2018-04-11T08:23:10Z">
      <class name="com.epam.tat.module4.test.DivTest">
        <test-method status="PASS" signature="divTest(long, long, long)[pri:0, instance:com.epam.tat.module4.test.DivTest@50cbc42f]" name="divTest" duration-ms="1016" started-at="2018-04-11T11:23:07Z" data-provider="divDp" finished-at="2018-04-11T11:23:08Z">
          <params>
            <param index="0">
              <value>
                <![CDATA[4]]>
              </value>
            </param>
            <param index="1">
              <value>
                <![CDATA[2]]>
              </value>
            </param>
            <param index="2">
              <value>
                <![CDATA[2]]>
              </value>
            </param>
          </params>
          <reporter-output>
          </reporter-output>
        </test-method> <!-- divTest -->
        <test-method status="PASS" signature="setUp()[pri:0, instance:com.epam.tat.module4.test.DivTest@50cbc42f]" name="setUp" is-config="true" duration-ms="0" started-at="2018-04-11T11:23:07Z" finished-at="2018-04-11T11:23:07Z">
          <reporter-output>
          </reporter-output>
        </test-method> <!-- setUp -->
        <test-method status="PASS" signature="divTest(long, long, long)[pri:0, instance:com.epam.tat.module4.test.DivTest@50cbc42f]" name="divTest" duration-ms="1014" started-at="2018-04-11T11:23:08Z" data-provider="divDp" finished-at="2018-04-11T11:23:09Z">
          <params>
            <param index="0">
              <value>
                <![CDATA[0]]>
              </value>
            </param>
            <param index="1">
              <value>
                <![CDATA[4]]>
              </value>
            </param>
            <param index="2">
              <value>
                <![CDATA[0]]>
              </value>
            </param>
          </params>
          <reporter-output>
          </reporter-output>
        </test-method> <!-- divTest -->
        <test-method status="PASS" signature="divTest(long, long, long)[pri:0, instance:com.epam.tat.module4.test.DivTest@50cbc42f]" name="divTest" duration-ms="1015" started-at="2018-04-11T11:23:09Z" data-provider="divDp" finished-at="2018-04-11T11:23:10Z">
          <params>
            <param index="0">
              <value>
                <![CDATA[-2]]>
              </value>
            </param>
            <param index="1">
              <value>
                <![CDATA[1]]>
              </value>
            </param>
            <param index="2">
              <value>
                <![CDATA[-2]]>
              </value>
            </param>
          </params>
          <reporter-output>
          </reporter-output>
        </test-method> <!-- divTest -->
        <test-method status="PASS" signature="zeroDivisionTest()[pri:0, instance:com.epam.tat.module4.test.DivTest@50cbc42f]" name="zeroDivisionTest" duration-ms="0" started-at="2018-04-11T11:23:10Z" finished-at="2018-04-11T11:23:10Z">
          <exception class="java.lang.NumberFormatException">
            <message>
              <![CDATA[Attempt to divide by zero]]>
            </message>
            <full-stacktrace>
              <![CDATA[java.lang.NumberFormatException: Attempt to divide by zero
	at com.epam.tat.module4.Calculator.div(Calculator.java:34)
	at com.epam.tat.module4.test.DivTest.zeroDivisionTest(DivTest.java:15)
	at sun.reflect.NativeMethodAccessorImpl.invoke0(Native Method)
	at sun.reflect.NativeMethodAccessorImpl.invoke(NativeMethodAccessorImpl.java:62)
	at sun.reflect.DelegatingMethodAccessorImpl.invoke(DelegatingMethodAccessorImpl.java:43)
	at java.lang.reflect.Method.invoke(Method.java:498)
	at org.testng.internal.MethodInvocationHelper.invokeMethod(MethodInvocationHelper.java:85)
	at org.testng.internal.Invoker.invokeMethod(Invoker.java:639)
	at org.testng.internal.Invoker.invokeTestMethod(Invoker.java:816)
	at org.testng.internal.Invoker.invokeTestMethods(Invoker.java:1124)
	at org.testng.internal.TestMethodWorker.invokeTestMethods(TestMethodWorker.java:125)
	at org.testng.internal.TestMethodWorker.run(TestMethodWorker.java:108)
	at org.testng.TestRunner.privateRun(TestRunner.java:774)
	at org.testng.TestRunner.run(TestRunner.java:624)
	at org.testng.SuiteRunner.runTest(SuiteRunner.java:359)
	at org.testng.SuiteRunner.runSequentially(SuiteRunner.java:354)
	at org.testng.SuiteRunner.privateRun(SuiteRunner.java:312)
	at org.testng.SuiteRunner.run(SuiteRunner.java:261)
	at org.testng.SuiteRunnerWorker.runSuite(SuiteRunnerWorker.java:52)
	at org.testng.SuiteRunnerWorker.run(SuiteRunnerWorker.java:86)
	at org.testng.TestNG.runSuitesSequentially(TestNG.java:1215)
	at org.testng.TestNG.runSuitesSequentially(TestNG.java:1211)
	at org.testng.TestNG.runSuitesLocally(TestNG.java:1140)
	at org.testng.TestNG.run(TestNG.java:1048)
	at com.epam.tat.module4.test.runner.TestRunner.main(TestRunner.java:40)
	at sun.reflect.NativeMethodAccessorImpl.invoke0(Native Method)
	at sun.reflect.NativeMethodAccessorImpl.invoke(NativeMethodAccessorImpl.java:62)
	at sun.reflect.DelegatingMethodAccessorImpl.invoke(DelegatingMethodAccessorImpl.java:43)
	at java.lang.reflect.Method.invoke(Method.java:498)
	at com.intellij.rt.execution.application.AppMain.main(AppMain.java:147)
]]>
            </full-stacktrace>
          </exception> <!-- java.lang.NumberFormatException -->
          <reporter-output>
          </reporter-output>
        </test-method> <!-- zeroDivisionTest -->
        <test-method status="PASS" signature="tearDown()[pri:0, instance:com.epam.tat.module4.test.DivTest@50cbc42f]" name="tearDown" is-config="true" duration-ms="0" started-at="2018-04-11T11:23:10Z" finished-at="2018-04-11T11:23:10Z">
          <reporter-output>
          </reporter-output>
        </test-method> <!-- tearDown -->
      </class> <!-- com.epam.tat.module4.test.DivTest -->
    </test> <!-- DivTest -->
    <test name="DivDoubleTest" duration-ms="4045" started-at="2018-04-11T08:23:10Z" finished-at="2018-04-11T08:23:14Z">
      <class name="com.epam.tat.module4.test.DivDoubleTest">
        <test-method status="PASS" signature="setUp()[pri:0, instance:com.epam.tat.module4.test.DivDoubleTest@3ecf72fd]" name="setUp" is-config="true" duration-ms="0" started-at="2018-04-11T11:23:10Z" finished-at="2018-04-11T11:23:10Z">
          <reporter-output>
          </reporter-output>
        </test-method> <!-- setUp -->
        <test-method status="PASS" signature="divDoubleTest(double, double, double)[pri:0, instance:com.epam.tat.module4.test.DivDoubleTest@3ecf72fd]" name="divDoubleTest" duration-ms="1015" started-at="2018-04-11T11:23:10Z" data-provider="divDoubleDp" finished-at="2018-04-11T11:23:11Z">
          <params>
            <param index="0">
              <value>
                <![CDATA[34.0]]>
              </value>
            </param>
            <param index="1">
              <value>
                <![CDATA[2.0]]>
              </value>
            </param>
            <param index="2">
              <value>
                <![CDATA[17.0]]>
              </value>
            </param>
          </params>
          <reporter-output>
          </reporter-output>
        </test-method> <!-- divDoubleTest -->
        <test-method status="PASS" signature="divDoubleTest(double, double, double)[pri:0, instance:com.epam.tat.module4.test.DivDoubleTest@3ecf72fd]" name="divDoubleTest" duration-ms="1015" started-at="2018-04-11T11:23:11Z" data-provider="divDoubleDp" finished-at="2018-04-11T11:23:12Z">
          <params>
            <param index="0">
              <value>
                <![CDATA[0.0]]>
              </value>
            </param>
            <param index="1">
              <value>
                <![CDATA[2.253546246E9]]>
              </value>
            </param>
            <param index="2">
              <value>
                <![CDATA[0.0]]>
              </value>
            </param>
          </params>
          <reporter-output>
          </reporter-output>
        </test-method> <!-- divDoubleTest -->
        <test-method status="PASS" signature="divDoubleTest(double, double, double)[pri:0, instance:com.epam.tat.module4.test.DivDoubleTest@3ecf72fd]" name="divDoubleTest" duration-ms="1015" started-at="2018-04-11T11:23:12Z" data-provider="divDoubleDp" finished-at="2018-04-11T11:23:13Z">
          <params>
            <param index="0">
              <value>
                <![CDATA[-12.0]]>
              </value>
            </param>
            <param index="1">
              <value>
                <![CDATA[2.0]]>
              </value>
            </param>
            <param index="2">
              <value>
                <![CDATA[-6.0]]>
              </value>
            </param>
          </params>
          <reporter-output>
          </reporter-output>
        </test-method> <!-- divDoubleTest -->
        <test-method status="FAIL" signature="zeroDivisionTest()[pri:0, instance:com.epam.tat.module4.test.DivDoubleTest@3ecf72fd]" name="zeroDivisionTest" duration-ms="1000" started-at="2018-04-11T11:23:13Z" finished-at="2018-04-11T11:23:14Z">
          <exception class="org.testng.TestException">
            <message>
              <![CDATA[
Method DivDoubleTest.zeroDivisionTest()[pri:0, instance:com.epam.tat.module4.test.DivDoubleTest@3ecf72fd] should have thrown an exception of type class java.lang.NumberFormatException]]>
            </message>
            <full-stacktrace>
              <![CDATA[org.testng.TestException: 
Method DivDoubleTest.zeroDivisionTest()[pri:0, instance:com.epam.tat.module4.test.DivDoubleTest@3ecf72fd] should have thrown an exception of type class java.lang.NumberFormatException
	at org.testng.internal.ExpectedExceptionsHolder.noException(ExpectedExceptionsHolder.java:89)
	at org.testng.internal.Invoker.handleInvocationResults(Invoker.java:1376)
	at org.testng.internal.Invoker.invokeMethod(Invoker.java:677)
	at org.testng.internal.Invoker.invokeTestMethod(Invoker.java:816)
	at org.testng.internal.Invoker.invokeTestMethods(Invoker.java:1124)
	at org.testng.internal.TestMethodWorker.invokeTestMethods(TestMethodWorker.java:125)
	at org.testng.internal.TestMethodWorker.run(TestMethodWorker.java:108)
	at org.testng.TestRunner.privateRun(TestRunner.java:774)
	at org.testng.TestRunner.run(TestRunner.java:624)
	at org.testng.SuiteRunner.runTest(SuiteRunner.java:359)
	at org.testng.SuiteRunner.runSequentially(SuiteRunner.java:354)
	at org.testng.SuiteRunner.privateRun(SuiteRunner.java:312)
	at org.testng.SuiteRunner.run(SuiteRunner.java:261)
	at org.testng.SuiteRunnerWorker.runSuite(SuiteRunnerWorker.java:52)
	at org.testng.SuiteRunnerWorker.run(SuiteRunnerWorker.java:86)
	at org.testng.TestNG.runSuitesSequentially(TestNG.java:1215)
	at org.testng.TestNG.runSuitesSequentially(TestNG.java:1211)
	at org.testng.TestNG.runSuitesLocally(TestNG.java:1140)
	at org.testng.TestNG.run(TestNG.java:1048)
	at com.epam.tat.module4.test.runner.TestRunner.main(TestRunner.java:40)
	at sun.reflect.NativeMethodAccessorImpl.invoke0(Native Method)
	at sun.reflect.NativeMethodAccessorImpl.invoke(NativeMethodAccessorImpl.java:62)
	at sun.reflect.DelegatingMethodAccessorImpl.invoke(DelegatingMethodAccessorImpl.java:43)
	at java.lang.reflect.Method.invoke(Method.java:498)
	at com.intellij.rt.execution.application.AppMain.main(AppMain.java:147)
]]>
            </full-stacktrace>
          </exception> <!-- org.testng.TestException -->
          <reporter-output>
          </reporter-output>
        </test-method> <!-- zeroDivisionTest -->
        <test-method status="PASS" signature="tearDown()[pri:0, instance:com.epam.tat.module4.test.DivDoubleTest@3ecf72fd]" name="tearDown" is-config="true" duration-ms="0" started-at="2018-04-11T11:23:14Z" finished-at="2018-04-11T11:23:14Z">
          <reporter-output>
          </reporter-output>
        </test-method> <!-- tearDown -->
      </class> <!-- com.epam.tat.module4.test.DivDoubleTest -->
    </test> <!-- DivDoubleTest -->
    <test name="PowTest" duration-ms="1015" started-at="2018-04-11T08:23:14Z" finished-at="2018-04-11T08:23:15Z">
      <class name="com.epam.tat.module4.test.PowTest">
        <test-method status="PASS" signature="setUp()[pri:0, instance:com.epam.tat.module4.test.PowTest@2cfb4a64]" name="setUp" is-config="true" duration-ms="0" started-at="2018-04-11T11:23:14Z" finished-at="2018-04-11T11:23:14Z">
          <reporter-output>
          </reporter-output>
        </test-method> <!-- setUp -->
        <test-method status="PASS" signature="powTest(double, double, double)[pri:0, instance:com.epam.tat.module4.test.PowTest@2cfb4a64]" name="powTest" duration-ms="1015" started-at="2018-04-11T11:23:14Z" finished-at="2018-04-11T11:23:15Z">
          <params>
            <param index="0">
              <value>
                <![CDATA[2.0]]>
              </value>
            </param>
            <param index="1">
              <value>
                <![CDATA[3.0]]>
              </value>
            </param>
            <param index="2">
              <value>
                <![CDATA[8.0]]>
              </value>
            </param>
          </params>
          <reporter-output>
          </reporter-output>
        </test-method> <!-- powTest -->
        <test-method status="PASS" signature="tearDown()[pri:0, instance:com.epam.tat.module4.test.PowTest@2cfb4a64]" name="tearDown" is-config="true" duration-ms="0" started-at="2018-04-11T11:23:15Z" finished-at="2018-04-11T11:23:15Z">
          <reporter-output>
          </reporter-output>
        </test-method> <!-- tearDown -->
      </class> <!-- com.epam.tat.module4.test.PowTest -->
    </test> <!-- PowTest -->
    <test name="PositiveNegativeTest" duration-ms="2031" started-at="2018-04-11T08:23:15Z" finished-at="2018-04-11T08:23:17Z">
      <class name="com.epam.tat.module4.test.PositiveNegativeTest">
        <test-method status="PASS" signature="isNegativeTest()[pri:0, instance:com.epam.tat.module4.test.PositiveNegativeTest@445b84c0]" name="isNegativeTest" duration-ms="1015" started-at="2018-04-11T11:23:15Z" finished-at="2018-04-11T11:23:16Z">
          <reporter-output>
          </reporter-output>
        </test-method> <!-- isNegativeTest -->
        <test-method status="PASS" signature="setUp()[pri:0, instance:com.epam.tat.module4.test.PositiveNegativeTest@445b84c0]" name="setUp" is-config="true" duration-ms="0" started-at="2018-04-11T11:23:15Z" finished-at="2018-04-11T11:23:15Z">
          <reporter-output>
          </reporter-output>
        </test-method> <!-- setUp -->
        <test-method status="PASS" signature="isPositiveTest()[pri:0, instance:com.epam.tat.module4.test.PositiveNegativeTest@445b84c0]" name="isPositiveTest" duration-ms="1016" started-at="2018-04-11T11:23:16Z" finished-at="2018-04-11T11:23:17Z">
          <reporter-output>
          </reporter-output>
        </test-method> <!-- isPositiveTest -->
        <test-method status="PASS" signature="tearDown()[pri:0, instance:com.epam.tat.module4.test.PositiveNegativeTest@445b84c0]" name="tearDown" is-config="true" duration-ms="0" started-at="2018-04-11T11:23:17Z" finished-at="2018-04-11T11:23:17Z">
          <reporter-output>
          </reporter-output>
        </test-method> <!-- tearDown -->
      </class> <!-- com.epam.tat.module4.test.PositiveNegativeTest -->
    </test> <!-- PositiveNegativeTest -->
  </suite> <!-- CalculatorSuite -->
  <suite name="Parallel" duration-ms="0" started-at="2018-04-11T08:23:26Z" finished-at="2018-04-11T08:23:26Z">
    <groups>
    </groups>
  </suite> <!-- Parallel -->
</testng-results>
